TN:
SF:/Users/gyuanrui/Desktop/front-end-app/src/polyfills.ts
FNF:0
FNH:0
LF:0
LH:0
BRF:0
BRH:0
end_of_record
TN:
SF:/Users/gyuanrui/Desktop/front-end-app/src/test.ts
FNF:0
FNH:0
DA:13,1
DA:18,1
DA:20,1
LF:3
LH:3
BRF:0
BRH:0
end_of_record
TN:
SF:/Users/gyuanrui/Desktop/front-end-app/src/app/app.component.ts
FN:8,AppComponent
FNF:1
FNH:1
FNDA:1,AppComponent
DA:8,1
LF:1
LH:1
BRF:0
BRH:0
end_of_record
TN:
SF:/Users/gyuanrui/Desktop/front-end-app/src/app/_models/user.ts
FN:1,(anonymous_0)
FN:13,User
FNF:2
FNH:2
FNDA:1,(anonymous_0)
FNDA:8,User
DA:1,1
DA:14,8
DA:15,8
DA:16,8
DA:17,8
DA:18,8
DA:19,8
DA:20,8
DA:21,8
DA:22,8
DA:23,8
DA:25,1
LF:12
LH:12
BRDA:15,0,0,2
BRDA:15,0,1,6
BRDA:22,1,0,0
BRDA:22,1,1,8
BRDA:23,2,0,0
BRDA:23,2,1,8
BRF:6
BRH:4
end_of_record
TN:
SF:/Users/gyuanrui/Desktop/front-end-app/src/app/_services/alert.service.ts
FN:10,AlertService
FN:12,(anonymous_2)
FN:25,(anonymous_3)
FN:30,(anonymous_4)
FN:35,(anonymous_5)
FNF:5
FNH:0
FNDA:0,AlertService
FNDA:0,(anonymous_2)
FNDA:0,(anonymous_3)
FNDA:0,(anonymous_4)
FNDA:0,(anonymous_5)
DA:6,1
DA:7,0
DA:8,0
DA:10,0
DA:12,0
DA:16,0
DA:19,0
DA:25,1
DA:26,0
DA:27,0
DA:30,1
DA:31,0
DA:32,0
DA:35,1
DA:36,0
DA:38,1
LF:16
LH:5
BRDA:25,0,0,0
BRDA:25,0,1,0
BRDA:30,1,0,0
BRDA:30,1,1,0
BRF:4
BRH:0
end_of_record
TN:
SF:/Users/gyuanrui/Desktop/front-end-app/src/app/_services/authentication.service.ts
FN:7,AuthenticationService
FN:9,(anonymous_2)
FN:11,(anonymous_3)
FN:22,(anonymous_4)
FNF:4
FNH:0
FNDA:0,AuthenticationService
FNDA:0,(anonymous_2)
FNDA:0,(anonymous_3)
FNDA:0,(anonymous_4)
DA:6,1
DA:7,0
DA:9,1
DA:10,0
DA:15,0
DA:18,0
DA:22,1
DA:24,0
DA:26,1
LF:9
LH:4
BRDA:13,0,0,0
BRDA:13,0,1,0
BRF:2
BRH:0
end_of_record
TN:
SF:/Users/gyuanrui/Desktop/front-end-app/src/app/_services/index.ts
FNF:0
FNH:0
LF:0
LH:0
BRF:0
BRH:0
end_of_record
TN:
SF:/Users/gyuanrui/Desktop/front-end-app/src/app/_services/storage.service.ts
FN:4,StorageService
FN:8,(anonymous_2)
FN:12,(anonymous_3)
FN:16,(anonymous_4)
FN:17,(anonymous_5)
FNF:5
FNH:3
FNDA:23,StorageService
FNDA:3,(anonymous_2)
FNDA:1,(anonymous_3)
FNDA:0,(anonymous_4)
FNDA:0,(anonymous_5)
DA:5,1
DA:6,23
DA:8,1
DA:9,3
DA:12,1
DA:13,1
DA:16,1
DA:17,0
DA:20,0
DA:22,0
DA:24,0
DA:27,0
DA:28,0
DA:32,1
LF:14
LH:8
BRDA:20,0,0,0
BRDA:20,0,1,0
BRF:2
BRH:0
end_of_record
TN:
SF:/Users/gyuanrui/Desktop/front-end-app/src/app/auth/auth.component.ts
FN:11,AuthComponent
FN:13,(anonymous_2)
FNF:2
FNH:2
FNDA:1,AuthComponent
FNDA:1,(anonymous_2)
DA:9,1
DA:13,1
DA:16,1
LF:3
LH:3
BRF:0
BRH:0
end_of_record
TN:
SF:/Users/gyuanrui/Desktop/front-end-app/src/app/auth/auth.service.ts
FN:11,AuthService
FN:13,(anonymous_2)
FN:26,(anonymous_3)
FN:34,(anonymous_4)
FN:44,(anonymous_5)
FN:45,(anonymous_6)
FN:65,(anonymous_7)
FNF:7
FNH:2
FNDA:20,AuthService
FNDA:0,(anonymous_2)
FNDA:0,(anonymous_3)
FNDA:0,(anonymous_4)
FNDA:3,(anonymous_5)
FNDA:0,(anonymous_6)
FNDA:0,(anonymous_7)
DA:9,1
DA:11,20
DA:13,1
DA:14,0
DA:15,0
DA:16,0
DA:17,0
DA:19,0
DA:21,0
DA:23,0
DA:26,1
DA:28,0
DA:29,0
DA:31,0
DA:34,1
DA:36,0
DA:37,0
DA:38,0
DA:40,0
DA:44,3
DA:45,3
DA:60,0
DA:61,0
DA:64,0
DA:66,0
DA:69,1
LF:26
LH:8
BRDA:18,0,0,0
BRDA:18,0,1,0
BRDA:18,0,2,0
BRDA:18,0,3,0
BRDA:18,0,4,0
BRDA:18,0,5,0
BRF:6
BRH:0
end_of_record
TN:
SF:/Users/gyuanrui/Desktop/front-end-app/src/app/auth/login/login.component.ts
FN:19,LoginComponent
FN:26,(anonymous_2)
FN:33,(anonymous_3)
FN:39,(anonymous_4)
FN:51,(anonymous_5)
FN:53,(anonymous_6)
FNF:6
FNH:6
FNDA:4,LoginComponent
FNDA:4,(anonymous_2)
FNDA:1,(anonymous_3)
FNDA:3,(anonymous_4)
FNDA:2,(anonymous_5)
FNDA:1,(anonymous_6)
DA:12,1
DA:14,4
DA:15,4
DA:16,4
DA:17,4
DA:20,4
DA:21,4
DA:22,4
DA:23,4
DA:24,4
DA:26,1
DA:27,4
DA:33,1
DA:34,1
DA:35,1
DA:36,1
DA:39,3
DA:40,3
DA:41,3
DA:42,3
DA:46,1
DA:47,1
DA:51,2
DA:53,1
DA:54,1
DA:57,1
DA:61,1
LF:27
LH:27
BRF:0
BRH:0
end_of_record
TN:
SF:/Users/gyuanrui/Desktop/front-end-app/src/app/auth/register/register.component.ts
FN:16,RegisterComponent
FN:22,(anonymous_2)
FN:40,(anonymous_3)
FN:42,(anonymous_4)
FNF:4
FNH:2
FNDA:1,RegisterComponent
FNDA:1,(anonymous_2)
FNDA:0,(anonymous_3)
FNDA:0,(anonymous_4)
DA:12,1
DA:14,1
DA:17,1
DA:18,1
DA:19,1
DA:20,1
DA:22,1
DA:23,1
DA:40,0
DA:42,1
DA:43,0
DA:44,0
DA:45,0
DA:58,0
DA:59,0
DA:60,0
DA:61,0
DA:67,0
DA:69,1
LF:19
LH:10
BRDA:47,0,0,0
BRDA:47,0,1,0
BRDA:47,0,2,0
BRDA:63,1,0,0
BRDA:63,1,1,0
BRDA:62,2,0,0
BRDA:62,2,1,0
BRF:7
BRH:0
end_of_record
TN:
SF:/Users/gyuanrui/Desktop/front-end-app/src/app/header/header.component.ts
FN:20,HeaderComponent
FN:23,(anonymous_2)
FN:31,(anonymous_3)
FN:37,(anonymous_4)
FN:51,(anonymous_5)
FN:64,(anonymous_6)
FN:77,(anonymous_7)
FN:81,(anonymous_8)
FN:85,(anonymous_9)
FN:89,(anonymous_10)
FN:94,(anonymous_11)
FN:98,(anonymous_12)
FNF:12
FNH:9
FNDA:3,HeaderComponent
FNDA:1,(anonymous_2)
FNDA:2,(anonymous_3)
FNDA:0,(anonymous_4)
FNDA:0,(anonymous_5)
FNDA:0,(anonymous_6)
FNDA:4,(anonymous_7)
FNDA:4,(anonymous_8)
FNDA:4,(anonymous_9)
FNDA:8,(anonymous_10)
FNDA:4,(anonymous_11)
FNDA:1,(anonymous_12)
DA:15,1
DA:20,3
DA:21,3
DA:22,3
DA:23,3
DA:24,1
DA:25,1
DA:26,1
DA:27,1
DA:31,1
DA:32,2
DA:33,2
DA:34,2
DA:37,1
DA:40,0
DA:41,0
DA:44,0
DA:47,0
DA:51,1
DA:54,0
DA:55,0
DA:57,0
DA:60,0
DA:64,1
DA:67,0
DA:68,0
DA:70,0
DA:73,0
DA:77,1
DA:78,4
DA:81,1
DA:82,4
DA:85,1
DA:86,4
DA:89,1
DA:90,8
DA:94,1
DA:95,4
DA:98,1
DA:100,1
DA:102,0
DA:104,1
DA:120,1
LF:43
LH:30
BRDA:42,0,0,0
BRDA:42,0,1,0
BRDA:41,1,0,0
BRDA:41,1,1,0
BRDA:90,2,0,8
BRDA:90,2,1,8
BRF:6
BRH:2
end_of_record
TN:
SF:/Users/gyuanrui/Desktop/front-end-app/src/app/main/main.component.ts
FN:52,MainComponent
FN:62,(anonymous_2)
FN:68,(anonymous_3)
FN:73,(anonymous_4)
FN:88,(anonymous_5)
FN:100,(anonymous_6)
FN:102,(anonymous_7)
FN:105,(anonymous_9)
FN:116,(anonymous_10)
FN:118,(anonymous_11)
FN:136,(anonymous_12)
FN:164,(anonymous_13)
FN:170,(anonymous_14)
FN:188,(anonymous_15)
FN:208,(anonymous_16)
FN:227,(anonymous_17)
FN:231,(anonymous_18)
FNF:17
FNH:6
FNDA:6,MainComponent
FNDA:0,(anonymous_2)
FNDA:6,(anonymous_3)
FNDA:0,(anonymous_4)
FNDA:0,(anonymous_5)
FNDA:6,(anonymous_6)
FNDA:0,(anonymous_7)
FNDA:0,(anonymous_9)
FNDA:6,(anonymous_10)
FNDA:0,(anonymous_11)
FNDA:2,(anonymous_12)
FNDA:0,(anonymous_13)
FNDA:0,(anonymous_14)
FNDA:0,(anonymous_15)
FNDA:0,(anonymous_16)
FNDA:0,(anonymous_17)
FNDA:6,(anonymous_18)
DA:26,1
DA:27,1
DA:28,1
DA:29,6
DA:31,6
DA:33,6
DA:34,6
DA:35,6
DA:36,6
DA:37,6
DA:41,6
DA:42,6
DA:43,6
DA:44,6
DA:45,6
DA:46,6
DA:47,6
DA:48,6
DA:49,6
DA:52,6
DA:53,6
DA:54,6
DA:55,6
DA:57,6
DA:58,6
DA:59,6
DA:61,6
DA:63,0
DA:68,1
DA:69,6
DA:70,6
DA:73,1
DA:74,0
DA:75,0
DA:76,0
DA:77,0
DA:78,0
DA:80,0
DA:81,0
DA:83,0
DA:84,0
DA:86,0
DA:87,0
DA:90,0
DA:91,0
DA:92,0
DA:94,0
DA:100,6
DA:101,6
DA:104,0
DA:107,0
DA:116,6
DA:117,6
DA:119,0
DA:120,0
DA:124,0
DA:127,0
DA:129,0
DA:136,1
DA:139,0
DA:140,0
DA:142,0
DA:144,2
DA:145,2
DA:147,6
DA:149,2
DA:156,2
DA:160,1
DA:164,1
DA:165,0
DA:166,0
DA:167,0
DA:170,1
DA:175,0
DA:178,0
DA:179,0
DA:181,0
DA:182,0
DA:183,0
DA:184,0
DA:185,0
DA:188,1
DA:194,0
DA:197,0
DA:198,0
DA:200,0
DA:201,0
DA:202,0
DA:203,0
DA:204,0
DA:205,0
DA:208,1
DA:214,0
DA:217,0
DA:219,0
DA:220,0
DA:221,0
DA:222,0
DA:223,0
DA:224,0
DA:227,1
DA:228,0
DA:231,1
DA:233,0
DA:236,0
DA:252,1
LF:106
LH:49
BRDA:126,0,0,0
BRDA:126,0,1,0
BRDA:137,1,0,2
BRDA:137,1,1,2
BRDA:175,2,0,0
BRDA:175,2,1,0
BRDA:194,3,0,0
BRDA:194,3,1,0
BRDA:214,4,0,0
BRDA:214,4,1,0
BRF:10
BRH:2
end_of_record
TN:
SF:/Users/gyuanrui/Desktop/front-end-app/src/app/main/main.service.ts
FN:34,MainService
FN:36,(anonymous_2)
FN:39,(anonymous_3)
FN:49,(anonymous_4)
FN:57,(anonymous_5)
FN:59,(anonymous_6)
FN:71,(anonymous_7)
FN:78,(anonymous_8)
FN:80,(anonymous_9)
FN:96,(anonymous_10)
FN:98,(anonymous_11)
FN:113,(anonymous_12)
FN:120,(anonymous_13)
FN:132,(anonymous_14)
FN:155,(anonymous_15)
FN:157,(anonymous_16)
FNF:16
FNH:3
FNDA:10,MainService
FNDA:6,(anonymous_2)
FNDA:0,(anonymous_3)
FNDA:0,(anonymous_4)
FNDA:0,(anonymous_5)
FNDA:0,(anonymous_6)
FNDA:0,(anonymous_7)
FNDA:6,(anonymous_8)
FNDA:0,(anonymous_9)
FNDA:0,(anonymous_10)
FNDA:0,(anonymous_11)
FNDA:0,(anonymous_12)
FNDA:0,(anonymous_13)
FNDA:0,(anonymous_14)
FNDA:0,(anonymous_15)
FNDA:0,(anonymous_16)
DA:29,1
DA:32,10
DA:34,10
DA:36,6
DA:37,6
DA:38,6
DA:40,0
DA:41,0
DA:43,0
DA:44,0
DA:46,0
DA:47,0
DA:50,0
DA:51,0
DA:52,0
DA:57,1
DA:58,0
DA:61,0
DA:68,0
DA:72,0
DA:73,0
DA:78,6
DA:79,6
DA:81,0
DA:83,0
DA:86,0
DA:88,0
DA:91,0
DA:96,1
DA:97,0
DA:100,0
DA:103,0
DA:110,0
DA:114,0
DA:115,0
DA:120,1
DA:123,0
DA:126,0
DA:132,1
DA:135,0
DA:148,0
DA:151,0
DA:155,1
DA:156,0
DA:158,0
DA:160,0
DA:162,0
DA:163,0
DA:167,0
DA:171,1
LF:50
LH:14
BRDA:63,0,0,0
BRDA:63,0,1,0
BRDA:105,1,0,0
BRDA:105,1,1,0
BRF:4
BRH:0
end_of_record
TN:
SF:/Users/gyuanrui/Desktop/front-end-app/src/app/main/imagepost/imagepost.component.ts
FN:18,ImagepostComponent
FN:20,(anonymous_2)
FN:22,(anonymous_3)
FN:25,(anonymous_4)
FNF:4
FNH:2
FNDA:1,ImagepostComponent
FNDA:1,(anonymous_2)
FNDA:0,(anonymous_3)
FNDA:0,(anonymous_4)
DA:9,1
DA:10,1
DA:11,1
DA:12,1
DA:13,1
DA:14,1
DA:15,1
DA:16,1
DA:18,1
DA:20,1
DA:22,1
DA:24,0
DA:26,0
DA:27,0
DA:28,0
DA:32,0
DA:33,0
DA:34,0
DA:37,1
LF:19
LH:12
BRF:0
BRH:0
end_of_record
TN:
SF:/Users/gyuanrui/Desktop/front-end-app/src/app/main/textpost/textpost.component.ts
FN:17,TextpostComponent
FN:19,(anonymous_2)
FN:21,(anonymous_3)
FN:24,(anonymous_4)
FNF:4
FNH:2
FNDA:1,TextpostComponent
FNDA:1,(anonymous_2)
FNDA:0,(anonymous_3)
FNDA:0,(anonymous_4)
DA:9,1
DA:10,1
DA:11,1
DA:12,1
DA:13,1
DA:14,1
DA:15,1
DA:17,1
DA:19,1
DA:21,1
DA:23,0
DA:25,0
DA:26,0
DA:27,0
DA:31,0
DA:32,0
DA:33,0
DA:36,1
LF:18
LH:11
BRF:0
BRH:0
end_of_record
TN:
SF:/Users/gyuanrui/Desktop/front-end-app/src/app/main/user/user.component.ts
FN:19,UserComponent
FN:25,(anonymous_2)
FN:28,(anonymous_3)
FNF:3
FNH:2
FNDA:1,UserComponent
FNDA:1,(anonymous_2)
FNDA:0,(anonymous_3)
DA:9,1
DA:10,1
DA:11,1
DA:12,1
DA:13,1
DA:17,1
DA:19,1
DA:20,1
DA:21,1
DA:22,1
DA:25,1
DA:28,1
DA:29,0
DA:30,0
DA:32,1
LF:15
LH:13
BRF:0
BRH:0
end_of_record
TN:
SF:/Users/gyuanrui/Desktop/front-end-app/src/app/profile/profile.component.ts
FN:33,ProfileComponent
FN:35,(anonymous_2)
FN:50,(anonymous_3)
FNF:3
FNH:2
FNDA:2,ProfileComponent
FNDA:2,(anonymous_2)
FNDA:0,(anonymous_3)
DA:10,1
DA:11,2
DA:12,2
DA:13,2
DA:14,2
DA:15,2
DA:16,2
DA:17,2
DA:18,2
DA:19,2
DA:20,2
DA:21,2
DA:22,2
DA:23,2
DA:24,2
DA:25,2
DA:33,2
DA:35,1
DA:38,2
DA:39,2
DA:40,2
DA:41,2
DA:42,2
DA:43,2
DA:46,0
DA:50,1
DA:51,0
DA:52,0
DA:53,0
DA:54,0
DA:55,0
DA:56,0
DA:57,0
DA:58,0
DA:59,0
DA:60,0
DA:63,0
DA:66,0
DA:67,0
DA:72,0
DA:73,0
DA:78,0
DA:79,0
DA:81,0
DA:87,0
DA:88,0
DA:90,0
DA:96,0
DA:97,0
DA:99,0
DA:105,0
DA:118,0
DA:121,0
DA:125,0
DA:126,0
DA:127,0
DA:128,0
DA:129,0
DA:130,0
DA:133,0
DA:135,1
LF:61
LH:26
BRDA:71,0,0,0
BRDA:71,0,1,0
BRDA:76,1,0,0
BRDA:76,1,1,0
BRDA:85,2,0,0
BRDA:85,2,1,0
BRDA:94,3,0,0
BRDA:94,3,1,0
BRDA:124,4,0,0
BRDA:124,4,1,0
BRDA:124,4,2,0
BRDA:124,4,3,0
BRF:12
BRH:0
end_of_record
