TN:
SF:/Users/gyuanrui/Desktop/front-end-app/src/polyfills.ts
FNF:0
FNH:0
LF:0
LH:0
BRF:0
BRH:0
end_of_record
TN:
SF:/Users/gyuanrui/Desktop/front-end-app/src/test.ts
FNF:0
FNH:0
DA:13,1
DA:18,1
DA:20,1
LF:3
LH:3
BRF:0
BRH:0
end_of_record
TN:
SF:/Users/gyuanrui/Desktop/front-end-app/src/app/app.component.ts
FN:8,AppComponent
FNF:1
FNH:1
FNDA:1,AppComponent
DA:8,1
LF:1
LH:1
BRF:0
BRH:0
end_of_record
TN:
SF:/Users/gyuanrui/Desktop/front-end-app/src/app/_models/user.ts
FN:1,(anonymous_0)
FN:13,User
FNF:2
FNH:2
FNDA:1,(anonymous_0)
FNDA:8,User
DA:1,1
DA:14,8
DA:15,8
DA:16,8
DA:17,8
DA:18,8
DA:19,8
DA:20,8
DA:21,8
DA:22,8
DA:23,8
DA:25,1
LF:12
LH:12
BRDA:15,0,0,2
BRDA:15,0,1,6
BRDA:22,1,0,0
BRDA:22,1,1,8
BRDA:23,2,0,0
BRDA:23,2,1,8
BRF:6
BRH:4
end_of_record
TN:
SF:/Users/gyuanrui/Desktop/front-end-app/src/app/_services/alert.service.ts
FN:10,AlertService
FN:12,(anonymous_2)
FN:25,(anonymous_3)
FN:30,(anonymous_4)
FN:35,(anonymous_5)
FNF:5
FNH:0
FNDA:0,AlertService
FNDA:0,(anonymous_2)
FNDA:0,(anonymous_3)
FNDA:0,(anonymous_4)
FNDA:0,(anonymous_5)
DA:6,1
DA:7,0
DA:8,0
DA:10,0
DA:12,0
DA:16,0
DA:19,0
DA:25,1
DA:26,0
DA:27,0
DA:30,1
DA:31,0
DA:32,0
DA:35,1
DA:36,0
DA:38,1
LF:16
LH:5
BRDA:25,0,0,0
BRDA:25,0,1,0
BRDA:30,1,0,0
BRDA:30,1,1,0
BRF:4
BRH:0
end_of_record
TN:
SF:/Users/gyuanrui/Desktop/front-end-app/src/app/_services/authentication.service.ts
FN:7,AuthenticationService
FN:9,(anonymous_2)
FN:11,(anonymous_3)
FN:22,(anonymous_4)
FNF:4
FNH:0
FNDA:0,AuthenticationService
FNDA:0,(anonymous_2)
FNDA:0,(anonymous_3)
FNDA:0,(anonymous_4)
DA:6,1
DA:7,0
DA:9,1
DA:10,0
DA:15,0
DA:18,0
DA:22,1
DA:24,0
DA:26,1
LF:9
LH:4
BRDA:13,0,0,0
BRDA:13,0,1,0
BRF:2
BRH:0
end_of_record
TN:
SF:/Users/gyuanrui/Desktop/front-end-app/src/app/_services/index.ts
FNF:0
FNH:0
LF:0
LH:0
BRF:0
BRH:0
end_of_record
TN:
SF:/Users/gyuanrui/Desktop/front-end-app/src/app/_services/storage.service.ts
FN:4,StorageService
FN:8,(anonymous_2)
FN:12,(anonymous_3)
FN:16,(anonymous_4)
FN:17,(anonymous_5)
FNF:5
FNH:3
FNDA:24,StorageService
FNDA:3,(anonymous_2)
FNDA:1,(anonymous_3)
FNDA:0,(anonymous_4)
FNDA:0,(anonymous_5)
DA:5,1
DA:6,24
DA:8,1
DA:9,3
DA:12,1
DA:13,1
DA:16,1
DA:17,0
DA:20,0
DA:22,0
DA:24,0
DA:27,0
DA:28,0
DA:32,1
LF:14
LH:8
BRDA:20,0,0,0
BRDA:20,0,1,0
BRF:2
BRH:0
end_of_record
TN:
SF:/Users/gyuanrui/Desktop/front-end-app/src/app/auth/auth.component.ts
FN:11,AuthComponent
FN:13,(anonymous_2)
FNF:2
FNH:2
FNDA:1,AuthComponent
FNDA:1,(anonymous_2)
DA:9,1
DA:13,1
DA:16,1
LF:3
LH:3
BRF:0
BRH:0
end_of_record
TN:
SF:/Users/gyuanrui/Desktop/front-end-app/src/app/auth/auth.service.ts
FN:11,AuthService
FN:13,(anonymous_2)
FN:26,(anonymous_3)
FN:34,(anonymous_4)
FN:44,(anonymous_5)
FN:45,(anonymous_6)
FN:65,(anonymous_7)
FNF:7
FNH:2
FNDA:21,AuthService
FNDA:0,(anonymous_2)
FNDA:0,(anonymous_3)
FNDA:0,(anonymous_4)
FNDA:3,(anonymous_5)
FNDA:0,(anonymous_6)
FNDA:0,(anonymous_7)
DA:9,1
DA:11,21
DA:13,1
DA:14,0
DA:15,0
DA:16,0
DA:17,0
DA:19,0
DA:21,0
DA:23,0
DA:26,1
DA:28,0
DA:29,0
DA:31,0
DA:34,1
DA:36,0
DA:37,0
DA:38,0
DA:40,0
DA:44,3
DA:45,3
DA:60,0
DA:61,0
DA:64,0
DA:66,0
DA:69,1
LF:26
LH:8
BRDA:18,0,0,0
BRDA:18,0,1,0
BRDA:18,0,2,0
BRDA:18,0,3,0
BRDA:18,0,4,0
BRDA:18,0,5,0
BRF:6
BRH:0
end_of_record
TN:
SF:/Users/gyuanrui/Desktop/front-end-app/src/app/auth/login/login.component.ts
FN:19,LoginComponent
FN:26,(anonymous_2)
FN:33,(anonymous_3)
FN:39,(anonymous_4)
FN:51,(anonymous_5)
FN:53,(anonymous_6)
FNF:6
FNH:6
FNDA:4,LoginComponent
FNDA:4,(anonymous_2)
FNDA:1,(anonymous_3)
FNDA:3,(anonymous_4)
FNDA:2,(anonymous_5)
FNDA:1,(anonymous_6)
DA:12,1
DA:14,4
DA:15,4
DA:16,4
DA:17,4
DA:20,4
DA:21,4
DA:22,4
DA:23,4
DA:24,4
DA:26,1
DA:27,4
DA:33,1
DA:34,1
DA:35,1
DA:36,1
DA:39,3
DA:40,3
DA:41,3
DA:42,3
DA:46,1
DA:47,1
DA:51,2
DA:53,1
DA:54,1
DA:57,1
DA:61,1
LF:27
LH:27
BRF:0
BRH:0
end_of_record
TN:
SF:/Users/gyuanrui/Desktop/front-end-app/src/app/auth/register/register.component.ts
FN:16,RegisterComponent
FN:22,(anonymous_2)
FN:40,(anonymous_3)
FN:42,(anonymous_4)
FNF:4
FNH:2
FNDA:1,RegisterComponent
FNDA:1,(anonymous_2)
FNDA:0,(anonymous_3)
FNDA:0,(anonymous_4)
DA:12,1
DA:14,1
DA:17,1
DA:18,1
DA:19,1
DA:20,1
DA:22,1
DA:23,1
DA:40,0
DA:42,1
DA:43,0
DA:44,0
DA:45,0
DA:58,0
DA:59,0
DA:60,0
DA:61,0
DA:67,0
DA:69,1
LF:19
LH:10
BRDA:47,0,0,0
BRDA:47,0,1,0
BRDA:47,0,2,0
BRDA:63,1,0,0
BRDA:63,1,1,0
BRDA:62,2,0,0
BRDA:62,2,1,0
BRF:7
BRH:0
end_of_record
TN:
SF:/Users/gyuanrui/Desktop/front-end-app/src/app/header/header.component.ts
FN:20,HeaderComponent
FN:23,(anonymous_2)
FN:31,(anonymous_3)
FN:37,(anonymous_4)
FN:51,(anonymous_5)
FN:64,(anonymous_6)
FN:77,(anonymous_7)
FN:81,(anonymous_8)
FN:85,(anonymous_9)
FN:89,(anonymous_10)
FN:94,(anonymous_11)
FN:98,(anonymous_12)
FNF:12
FNH:9
FNDA:3,HeaderComponent
FNDA:1,(anonymous_2)
FNDA:2,(anonymous_3)
FNDA:0,(anonymous_4)
FNDA:0,(anonymous_5)
FNDA:0,(anonymous_6)
FNDA:4,(anonymous_7)
FNDA:4,(anonymous_8)
FNDA:4,(anonymous_9)
FNDA:8,(anonymous_10)
FNDA:4,(anonymous_11)
FNDA:1,(anonymous_12)
DA:15,1
DA:20,3
DA:21,3
DA:22,3
DA:23,3
DA:24,1
DA:25,1
DA:26,1
DA:27,1
DA:31,1
DA:32,2
DA:33,2
DA:34,2
DA:37,1
DA:40,0
DA:41,0
DA:44,0
DA:47,0
DA:51,1
DA:54,0
DA:55,0
DA:57,0
DA:60,0
DA:64,1
DA:67,0
DA:68,0
DA:70,0
DA:73,0
DA:77,1
DA:78,4
DA:81,1
DA:82,4
DA:85,1
DA:86,4
DA:89,1
DA:90,8
DA:94,1
DA:95,4
DA:98,1
DA:100,1
DA:102,0
DA:104,1
DA:120,1
LF:43
LH:30
BRDA:42,0,0,0
BRDA:42,0,1,0
BRDA:41,1,0,0
BRDA:41,1,1,0
BRDA:90,2,0,8
BRDA:90,2,1,8
BRF:6
BRH:2
end_of_record
TN:
SF:/Users/gyuanrui/Desktop/front-end-app/src/app/main/main.component.ts
FN:53,MainComponent
FN:63,(anonymous_2)
FN:69,(anonymous_3)
FN:74,(anonymous_4)
FN:89,(anonymous_5)
FN:101,(anonymous_6)
FN:103,(anonymous_7)
FN:106,(anonymous_9)
FN:117,(anonymous_10)
FN:119,(anonymous_11)
FN:137,(anonymous_12)
FN:165,(anonymous_13)
FN:171,(anonymous_14)
FN:189,(anonymous_15)
FN:209,(anonymous_16)
FN:228,(anonymous_17)
FN:232,(anonymous_18)
FN:236,(anonymous_19)
FN:240,(anonymous_20)
FNF:19
FNH:6
FNDA:7,MainComponent
FNDA:0,(anonymous_2)
FNDA:6,(anonymous_3)
FNDA:0,(anonymous_4)
FNDA:0,(anonymous_5)
FNDA:6,(anonymous_6)
FNDA:0,(anonymous_7)
FNDA:0,(anonymous_9)
FNDA:6,(anonymous_10)
FNDA:0,(anonymous_11)
FNDA:2,(anonymous_12)
FNDA:0,(anonymous_13)
FNDA:0,(anonymous_14)
FNDA:0,(anonymous_15)
FNDA:0,(anonymous_16)
FNDA:0,(anonymous_17)
FNDA:0,(anonymous_18)
FNDA:0,(anonymous_19)
FNDA:6,(anonymous_20)
DA:26,1
DA:27,1
DA:28,1
DA:29,7
DA:31,7
DA:33,7
DA:34,7
DA:35,7
DA:36,7
DA:37,7
DA:41,7
DA:42,7
DA:43,7
DA:44,7
DA:45,7
DA:46,7
DA:47,7
DA:48,7
DA:49,7
DA:51,7
DA:53,7
DA:54,7
DA:55,7
DA:56,7
DA:58,7
DA:59,7
DA:60,7
DA:62,7
DA:64,0
DA:69,1
DA:70,6
DA:71,6
DA:74,1
DA:75,0
DA:76,0
DA:77,0
DA:78,0
DA:79,0
DA:81,0
DA:82,0
DA:84,0
DA:85,0
DA:87,0
DA:88,0
DA:91,0
DA:92,0
DA:93,0
DA:95,0
DA:101,6
DA:102,6
DA:105,0
DA:108,0
DA:117,6
DA:118,6
DA:120,0
DA:121,0
DA:125,0
DA:128,0
DA:130,0
DA:137,1
DA:140,0
DA:141,0
DA:143,0
DA:145,2
DA:146,2
DA:148,6
DA:150,2
DA:157,2
DA:161,1
DA:165,1
DA:166,0
DA:167,0
DA:168,0
DA:171,1
DA:176,0
DA:179,0
DA:180,0
DA:182,0
DA:183,0
DA:184,0
DA:185,0
DA:186,0
DA:189,1
DA:195,0
DA:198,0
DA:199,0
DA:201,0
DA:202,0
DA:203,0
DA:204,0
DA:205,0
DA:206,0
DA:209,1
DA:215,0
DA:218,0
DA:220,0
DA:221,0
DA:222,0
DA:223,0
DA:224,0
DA:225,0
DA:228,1
DA:229,0
DA:232,1
DA:233,0
DA:236,1
DA:237,0
DA:240,1
DA:242,0
DA:245,0
DA:261,1
LF:111
LH:52
BRDA:127,0,0,0
BRDA:127,0,1,0
BRDA:138,1,0,2
BRDA:138,1,1,2
BRDA:176,2,0,0
BRDA:176,2,1,0
BRDA:195,3,0,0
BRDA:195,3,1,0
BRDA:215,4,0,0
BRDA:215,4,1,0
BRF:10
BRH:2
end_of_record
TN:
SF:/Users/gyuanrui/Desktop/front-end-app/src/app/main/main.directive.ts
FN:8,MainDirective
FN:11,(anonymous_2)
FNF:2
FNH:1
FNDA:1,MainDirective
FNDA:0,(anonymous_2)
DA:7,1
DA:8,1
DA:11,2
DA:14,0
DA:17,1
LF:5
LH:4
BRDA:13,0,0,0
BRDA:13,0,1,0
BRF:2
BRH:0
end_of_record
TN:
SF:/Users/gyuanrui/Desktop/front-end-app/src/app/main/main.service.ts
FN:40,MainService
FN:42,(anonymous_2)
FN:45,(anonymous_3)
FN:55,(anonymous_4)
FN:63,(anonymous_5)
FN:65,(anonymous_6)
FN:77,(anonymous_7)
FN:84,(anonymous_8)
FN:86,(anonymous_9)
FN:102,(anonymous_10)
FN:103,(anonymous_11)
FN:107,(anonymous_12)
FN:109,(anonymous_13)
FN:124,(anonymous_14)
FN:131,(anonymous_15)
FN:143,(anonymous_16)
FN:166,(anonymous_17)
FN:168,(anonymous_18)
FNF:18
FNH:3
FNDA:11,MainService
FNDA:6,(anonymous_2)
FNDA:0,(anonymous_3)
FNDA:0,(anonymous_4)
FNDA:0,(anonymous_5)
FNDA:0,(anonymous_6)
FNDA:0,(anonymous_7)
FNDA:6,(anonymous_8)
FNDA:0,(anonymous_9)
FNDA:0,(anonymous_10)
FNDA:0,(anonymous_11)
FNDA:0,(anonymous_12)
FNDA:0,(anonymous_13)
FNDA:0,(anonymous_14)
FNDA:0,(anonymous_15)
FNDA:0,(anonymous_16)
FNDA:0,(anonymous_17)
FNDA:0,(anonymous_18)
DA:35,1
DA:38,11
DA:40,11
DA:42,6
DA:43,6
DA:44,6
DA:46,0
DA:47,0
DA:49,0
DA:50,0
DA:52,0
DA:53,0
DA:56,0
DA:57,0
DA:58,0
DA:63,1
DA:64,0
DA:67,0
DA:74,0
DA:78,0
DA:79,0
DA:84,6
DA:85,6
DA:87,0
DA:89,0
DA:92,0
DA:94,0
DA:97,0
DA:102,1
DA:103,0
DA:104,0
DA:107,1
DA:108,0
DA:111,0
DA:114,0
DA:121,0
DA:125,0
DA:126,0
DA:131,1
DA:134,0
DA:137,0
DA:143,1
DA:146,0
DA:159,0
DA:162,0
DA:166,1
DA:167,0
DA:169,0
DA:171,0
DA:173,0
DA:174,0
DA:178,0
DA:182,1
LF:53
LH:15
BRDA:69,0,0,0
BRDA:69,0,1,0
BRDA:116,1,0,0
BRDA:116,1,1,0
BRF:4
BRH:0
end_of_record
TN:
SF:/Users/gyuanrui/Desktop/front-end-app/src/app/main/imagepost/imagepost.component.ts
FN:18,ImagepostComponent
FN:20,(anonymous_2)
FN:22,(anonymous_3)
FN:25,(anonymous_4)
FNF:4
FNH:2
FNDA:1,ImagepostComponent
FNDA:1,(anonymous_2)
FNDA:0,(anonymous_3)
FNDA:0,(anonymous_4)
DA:9,1
DA:10,1
DA:11,1
DA:12,1
DA:13,1
DA:14,1
DA:15,1
DA:16,1
DA:18,1
DA:20,1
DA:22,1
DA:24,0
DA:26,0
DA:27,0
DA:28,0
DA:32,0
DA:33,0
DA:34,0
DA:37,1
LF:19
LH:12
BRF:0
BRH:0
end_of_record
TN:
SF:/Users/gyuanrui/Desktop/front-end-app/src/app/main/textpost/textpost.component.ts
FN:17,TextpostComponent
FN:19,(anonymous_2)
FN:21,(anonymous_3)
FN:24,(anonymous_4)
FNF:4
FNH:2
FNDA:1,TextpostComponent
FNDA:1,(anonymous_2)
FNDA:0,(anonymous_3)
FNDA:0,(anonymous_4)
DA:9,1
DA:10,1
DA:11,1
DA:12,1
DA:13,1
DA:14,1
DA:15,1
DA:17,1
DA:19,1
DA:21,1
DA:23,0
DA:25,0
DA:26,0
DA:27,0
DA:31,0
DA:32,0
DA:33,0
DA:36,1
LF:18
LH:11
BRF:0
BRH:0
end_of_record
TN:
SF:/Users/gyuanrui/Desktop/front-end-app/src/app/main/user/user.component.ts
FN:19,UserComponent
FN:25,(anonymous_2)
FN:28,(anonymous_3)
FNF:3
FNH:2
FNDA:1,UserComponent
FNDA:1,(anonymous_2)
FNDA:0,(anonymous_3)
DA:9,1
DA:10,1
DA:11,1
DA:12,1
DA:13,1
DA:17,1
DA:19,1
DA:20,1
DA:21,1
DA:22,1
DA:25,1
DA:28,1
DA:29,0
DA:30,0
DA:32,1
LF:15
LH:13
BRF:0
BRH:0
end_of_record
TN:
SF:/Users/gyuanrui/Desktop/front-end-app/src/app/profile/profile.component.ts
FN:33,ProfileComponent
FN:35,(anonymous_2)
FN:50,(anonymous_3)
FNF:3
FNH:2
FNDA:2,ProfileComponent
FNDA:2,(anonymous_2)
FNDA:0,(anonymous_3)
DA:10,1
DA:11,2
DA:12,2
DA:13,2
DA:14,2
DA:15,2
DA:16,2
DA:17,2
DA:18,2
DA:19,2
DA:20,2
DA:21,2
DA:22,2
DA:23,2
DA:24,2
DA:25,2
DA:33,2
DA:35,1
DA:38,2
DA:39,2
DA:40,2
DA:41,2
DA:42,2
DA:43,2
DA:46,0
DA:50,1
DA:51,0
DA:52,0
DA:53,0
DA:54,0
DA:55,0
DA:56,0
DA:57,0
DA:58,0
DA:59,0
DA:60,0
DA:63,0
DA:66,0
DA:67,0
DA:72,0
DA:73,0
DA:78,0
DA:79,0
DA:81,0
DA:87,0
DA:88,0
DA:90,0
DA:96,0
DA:97,0
DA:99,0
DA:105,0
DA:118,0
DA:121,0
DA:125,0
DA:126,0
DA:127,0
DA:128,0
DA:129,0
DA:130,0
DA:133,0
DA:135,1
LF:61
LH:26
BRDA:71,0,0,0
BRDA:71,0,1,0
BRDA:76,1,0,0
BRDA:76,1,1,0
BRDA:85,2,0,0
BRDA:85,2,1,0
BRDA:94,3,0,0
BRDA:94,3,1,0
BRDA:124,4,0,0
BRDA:124,4,1,0
BRDA:124,4,2,0
BRDA:124,4,3,0
BRF:12
BRH:0
end_of_record
